Mensagens do processamento do PILAR.LDF
=======================================

***001 AVISO: Momento das vigas nos pilares não gravado

Mensagens do resumo geral de cargas
===================================

****** AVISO: Momentos de excentricidade geométrica não serão acumulados (NPILDES)
****** AVISO: Não há vigas apoiadas no pilar P1               pisos  0 -  0
****** AVISO: Não há vigas apoiadas no pilar P2               pisos  0 -  0
****** AVISO: Não há vigas apoiadas no pilar P3               pisos  0 -  0
****** AVISO: Não há vigas apoiadas no pilar P4               pisos  0 -  0
****** AVISO: Não há vigas apoiadas no pilar P5               pisos  0 -  0
****** AVISO: Não há vigas apoiadas no pilar P6               pisos  0 -  0
****** AVISO: Não há vigas apoiadas no pilar P7               pisos  0 -  0
****** AVISO: Não há vigas apoiadas no pilar P8               pisos  0 -  0
****** AVISO: Não há vigas apoiadas no pilar P9               pisos  0 -  0
****** AVISO: Não há vigas apoiadas no pilar P10              pisos  0 -  0
****** AVISO: Não há vigas apoiadas no pilar P11              pisos  0 -  0
****** AVISO: Não há vigas apoiadas no pilar P12              pisos  0 -  0
****** AVISO: Não há vigas apoiadas no pilar P13              pisos  0 -  0
****** AVISO: Não há vigas apoiadas no pilar P14              pisos  0 -  0
****** AVISO: Não há vigas apoiadas no pilar P15              pisos  0 -  0
****** AVISO: Não há vigas apoiadas no pilar P16              pisos  2 -  2
****** AVISO: Não há vigas apoiadas no pilar P17              pisos  1 -  1
****** AVISO: Não há vigas apoiadas no pilar P18              pisos  0 -  0
****** AVISO: Não há vigas apoiadas no pilar P19              pisos  0 -  0
****** AVISO: Não há vigas apoiadas no pilar P20              pisos  0 -  0
****** AVISO: Não há vigas apoiadas no pilar P21              pisos  0 -  0
****** AVISO: Não há vigas apoiadas no pilar P22              pisos  0 -  0
****** AVISO: Não há vigas apoiadas no pilar P23              pisos  0 -  0
****** AVISO: Não há vigas apoiadas no pilar P24              pisos  0 -  0
****** AVISO: Não há vigas apoiadas no pilar P25              pisos  0 -  0
****** AVISO: Não há vigas apoiadas no pilar P26              pisos  0 -  0
****** AVISO: Não há vigas apoiadas no pilar P27              pisos  0 -  0
****** AVISO: Não há vigas apoiadas no pilar P28              pisos  0 -  0
****** AVISO: Não há vigas apoiadas no pilar P29              pisos  0 -  0
****** AVISO: Não há vigas apoiadas no pilar P30              pisos  0 -  0




         =================================================           
                                 ATENÇÃO                             
         =================================================           
                                                                     
         Os esforços listados a seguir são resultantes do            
         cálculo da estrutura com pórtico espacial,                  
         listados exclusivamente para o caso de                      
         carregamento 1 (todas as forças verticais                   
         agindo simultaneamente)                                     
                                                                     
         Esta listagem é do mesmo tipo gerado pelo comando           
         do Pórtico-TQS, "Processar, Relatório de esforços           
         em vigas e pilares". Este último entretanto                 
         gera a listagem com todos os carregamentos                  
         transferidos para detalhamento de vigas e pilares.          
                                                                     
         Você também pode obter em detalhes as reações de            
         apoio através do comando "Tabela de reações de              
          apoio em desenho" do Pórtico-TQS.                          
                                                                     
         As cargas nos pilares dentro do arquivo .DAT                
         não são usadas efetivamente neste modelo e não são          
         iguais às mostradas a seguir. No TQS Pilar, neste           
         modelo de cálculo, os pilares são carregados com            
         esforços obtidos no pórtico espacial, transferidos          
         no arquivo tipo .TEP.                                       
                                                                     
         =================================================           

------------------------------------------------------------------------------
              Relatorio de esforcos de portico em vigas e pilares
    T  Q  S               Formas   V19.16.3    12/06/21 13:27:08
C:\TQS\022-Itanhaem8\ESPACIAL
JONAS BENEDETT DORR
RUA CEL. VICENTE, 2621
------------------------------------------------------------------------------


Pórtico...... FOR0001.POR
Projeto......    1
Título 1 .... Residência Luana e Vitor
Título 2..... Luana e Vitor


Casos de carregamentos - Pilares
================================

  1  'Todas permanentes e acidentais dos pavimentos'


Esforços em pilares - sistema LOCAL
===================================

Pil  Ps Barr Cas  Mom Y   Mom Z  Normal  DeslXY   Mom Y   Mom Z  Normal  DeslXY
                    Ini     Ini     Ini     Ini     Fim     Fim     Fim     Fim
                    tfm     tfm     tf      cm      tfm     tfm     tf      cm
P1
180ø  3  309  1    -0.1     0.0     2.5     0.3     0.3    -0.0     2.8     0.1
      2  149  1    -0.2     0.2     3.6     0.1     0.5    -0.1     3.9     0.0
      1    1  1    -0.6     0.3     6.1     0.0     0.2    -0.2     6.2     0.0
P2
 90ø  3  310  1    -0.5     0.1     5.1     0.3     0.3    -0.0     5.4     0.1
      2  150  1     0.2     0.0     8.8     0.1    -0.0    -0.1     9.1     0.0
      1    2  1    -0.1     0.3    12.8     0.0    -0.1    -0.1    12.9     0.0
P3
180ø  2  151  1     0.0    -0.4     0.7     0.1     0.0     0.3     0.9     0.0
      1    3  1     0.0    -0.2     1.8     0.0     0.0     0.0     1.8     0.0
P4
180ø  3  311  1    -0.1     0.1     6.6     0.3     0.3    -0.0     6.9     0.1
      2  152  1    -0.6     0.1    17.8     0.1     0.9     0.0    18.1     0.0
      1    4  1    -1.2    -0.2    24.4     0.0     0.3     0.1    24.5     0.0
P5
270ø  3  312  1     0.8     0.0     7.2     0.2    -0.9     0.0     7.5     0.1
      2  153  1     0.4    -0.1    15.6     0.1    -0.3     0.1    16.0     0.0
      1    5  1     0.1    -0.0    18.7     0.0     0.1     0.0    18.8     0.0
P6
180ø  2  154  1    -0.3     0.1     0.6     0.1     0.2    -0.0     0.8     0.0
      1    6  1    -0.1     0.1     1.8     0.0     0.1    -0.1     1.9     0.0
P7
180ø  1    7  1     0.5    -0.3     2.4     0.0    -0.2     0.1     2.5     0.0
P8
180ø  5  459  1    -0.0     0.0     0.5     0.3    -0.0     0.0     0.7     0.3
      4  401  1    -0.1    -0.1     4.9     0.3     0.1     0.0     5.0     0.2
      3  313  1    -0.3    -0.0     9.0     0.2     0.3     0.0     9.3     0.1
      2  155  1    -0.2     0.0    15.8     0.1     0.2    -0.1    16.1     0.0
      1    8  1     0.1     0.1    17.6     0.0     0.0    -0.0    17.7     0.0
P9
180ø  5  460  1    -0.0    -0.1     0.5     0.2     0.0    -0.1     0.7     0.2
      4  402  1     0.3     0.2     3.4     0.2    -0.4    -0.0     3.6     0.2
      3  314  1    -0.2    -0.1     7.0     0.2     0.1     0.2     7.3     0.1
      2  156  1    -0.1    -0.2    12.0     0.1     0.2     0.1    12.3     0.0
      1    9  1     0.1    -0.1    15.5     0.0    -0.0     0.1    15.6     0.0
P10
180ø  4  403  1     1.7     0.1     4.5     0.4    -0.1    -0.0     4.8     0.3
      3  315  1     0.5     0.0     8.6     0.3    -0.9    -0.0     9.1     0.1
      2  157  1     1.8     0.2    17.8     0.1    -0.6    -0.3    18.3     0.0
      1   10  1     0.8     0.7    23.2     0.0    -0.3    -0.3    23.4     0.0
P11
180ø  5  461  1    -0.0     0.1     0.4     0.3    -0.0    -0.3     0.6     0.3
      4  404  1    -0.1     0.2     3.5     0.3    -0.1     0.0     3.7     0.2
      3  316  1    -0.1    -0.0     4.5     0.2     0.1    -0.1     4.8     0.1
      2  158  1    -0.1     0.2     8.7     0.1     0.2    -0.0     9.0     0.0
      1   11  1    -0.1    -0.3    12.2     0.0     0.1     0.2    12.3     0.0
P12
180ø  5  462  1     0.1    -0.1     0.5     0.2    -0.0     0.3     0.7     0.2
      4  405  1     0.2    -0.1     4.4     0.2    -0.2    -0.4     4.5     0.2
      3  317  1    -0.4     0.2     9.3     0.2     0.3     0.0     9.6     0.1
      2  159  1    -0.2    -0.1    14.3     0.1     0.2     0.0    14.7     0.0
      1   12  1     0.0    -0.0    16.1     0.0    -0.0     0.0    16.2     0.0
P13
180ø  2  160  1     0.3     0.1     1.3     0.1    -0.0    -0.1     1.5     0.0
      1   13  1    -0.2    -0.1     3.4     0.0     0.1     0.1     3.5     0.0
P14
180ø  4  406  1    -1.3     0.9     7.9     0.4     0.7     0.2     8.1     0.3
      3  318  1    -0.4     0.2     9.4     0.3     1.4    -0.6     9.9     0.1
      2  161  1    -0.8     0.6    19.5     0.1     0.9    -0.4    20.0     0.0
      1   14  1     0.1    -0.0    23.1     0.0     0.0     0.2    23.2     0.0
P15
  0ø  4  407  1    -0.4     0.5    12.3     0.2     0.7     1.0    12.5     0.2
      3  319  1     1.0    -0.5    17.4     0.2    -0.4    -0.2    17.9     0.1
      2  162  1     0.2     0.5    26.1     0.1    -0.7    -0.0    26.6     0.0
      1   15  1     0.1    -0.4    31.9     0.0    -0.0     0.0    32.1     0.0
P16
180ø  3  320  1    -1.8     0.0    14.2     0.2     1.8     0.1    14.6     0.1
P17
180ø  2  163  1     0.2    -0.0     0.7     0.3    -0.3     0.0     0.8     0.0
P18
180ø  4  408  1    -0.6     2.4     7.0     0.5     0.8    -2.1     7.3     0.3
      3  321  1     0.1     0.4    13.0     0.3     0.1    -0.4    13.6     0.1
      2  164  1     1.3     0.2    20.8     0.1    -0.0    -0.2    21.4     0.0
      1   16  1     0.5     0.2    24.7     0.0     0.1    -0.0    24.9     0.0
P19
180ø  2  166  1     0.6    -0.6    11.5     0.2    -0.6     0.5    11.8     0.0
      2  165  1     1.8    -1.6    11.1     0.1     0.6    -0.6    11.5     0.2
      1   17  1    -0.0     0.5    15.8     0.0    -0.4     0.1    16.0     0.0
P20
  0ø  4  409  1     0.2     5.2    11.7     0.3    -0.0    -1.2    12.1     0.2
      3  322  1     0.1     1.9    17.1     0.2    -0.0     0.7    17.7     0.1
      2  168  1    -0.6     1.1    47.7     0.0     0.4    -0.3    48.0     0.0
      2  167  1     0.1    -2.5    47.0     0.1    -0.1     0.8    47.3     0.0
      1   18  1    -0.1    -0.2    51.1     0.0     0.1    -0.3    51.3     0.0
P21
180ø  2  169  1    -0.1    -0.0     2.5     0.1     0.0     0.0     2.7     0.0
      1   19  1     0.3    -0.1     5.2     0.0    -0.1     0.1     5.3     0.0
P22
180ø  1   20  1    -0.0    -0.1     0.8     0.0     0.0    -0.1     0.9     0.0
P23
180ø  1   21  1     0.0    -0.3     1.2     0.0    -0.0    -0.1     1.3     0.0
P24
180ø  3  323  1     0.8     0.7     0.3     0.3    -0.2    -0.8     0.8     0.1
      2  170  1     0.2     0.3     4.1     0.1     0.1    -0.1     4.5     0.0
      1   22  1     0.2     0.0     6.9     0.0     0.0    -0.1     7.1     0.0
P25
  0ø  1   23  1     0.1    -0.0     0.7     0.0    -0.1     0.1     0.8     0.0
P26
180ø  2  171  1     0.1    -0.4     2.1     0.1     0.0     0.1     2.4     0.0
      1   24  1     0.0     0.1     3.7     0.0     0.0     0.1     3.8     0.0
P27
  0ø  3  324  1    -5.1    -0.2    11.7     0.3     2.3     0.2    12.2     0.1
      2  172  1    -0.5    -0.1    27.4     0.1    -0.3     0.1    27.9     0.0
      1   25  1     0.2    -0.4    31.6     0.0    -0.3     0.2    31.7     0.0
P28
180ø  2  173  1    -0.2    -0.8     5.7     0.1     0.1     0.6     6.0     0.0
      1   26  1     0.0    -0.7     7.3     0.0     0.0     0.3     7.4     0.0
P29
180ø  2  174  1    -0.3    -0.0     0.5     0.1     0.2    -0.0     0.8     0.0
      1   27  1     0.3     0.1     1.9     0.0    -0.1    -0.0     2.0     0.0
P30
  0ø  2  175  1     0.5    -0.0     2.2     0.1    -0.3     0.0     2.5     0.0
      1   28  1    -0.2     0.0     3.2     0.0     0.0    -0.0     3.3     0.0


Somatória de forças normais nas bases dos pilares
(Não inclui outras cargas no baldrame)
=================================================

        Piso  Caso  Força tf

           5     1      1.9

           4     1     59.5

           3     1    142.8

           2     1    287.5

           1     1    365.2

           0     1    368.5

Reações nos apoios - sistema GLOBAL
A força X positiva empurra o apoio no sentido do eixo X
O momento X positivo gira o apoio em torno do eixo X no sentido horário
=======================================================================

 Pil               Nó    Cas  For X   For Y   For Z   Mom X   Mom Y   Mom Z
                               tf      tf      tf      tfm     tfm     tfm

P1                  1     1    -0.4     0.8     6.2    -0.2    -0.2     0.0
P2                  2     1     0.1     0.4    12.9    -0.1    -0.1    -0.0
P3                  3     1     0.2     0.0     1.8    -0.0     0.0     0.0
P4                  4     1     0.2     1.5    24.5    -0.3     0.1     0.0
P5                  5     1     0.0     0.0    18.8    -0.0    -0.1    -0.0
P6                  6     1    -0.2     0.1     1.9    -0.1    -0.1    -0.0
P7                  7     1     0.4    -0.7     2.5     0.2     0.1     0.0
P8                  8     1    -0.2    -0.0    17.7    -0.0    -0.0    -0.0
P9                  9     1     0.2    -0.1    15.6     0.0     0.1    -0.0
P10                10     1    -0.9    -1.0    23.4     0.3    -0.3     0.0
P11                11     1     0.5     0.1    12.3    -0.1     0.2    -0.0
P12                12     1     0.1    -0.1    16.2     0.0     0.0    -0.0
P13                13     1     0.2     0.3     3.5    -0.1     0.1    -0.0
P14                14     1     0.2    -0.1    23.2    -0.0     0.2    -0.0
P15                15     1    -0.5     0.1    32.1    -0.0    -0.0    -0.0
P18                16     1    -0.2    -0.3    24.9    -0.1    -0.0     0.0
P19                17     1    -0.4    -0.3    16.0     0.4     0.1    -0.0
P20                18     1     0.1    -0.2    51.3     0.1     0.3    -0.0
P21                19     1     0.1    -0.4     5.3     0.1     0.1    -0.0
P22                20     1     0.1     0.0     0.9    -0.0    -0.1     0.0
P23                21     1     0.2    -0.1     1.3     0.0    -0.1     0.0
P24                22     1    -0.1    -0.1     7.1    -0.0    -0.1    -0.0
P25                23     1    -0.1     0.2     0.8    -0.1    -0.1    -0.0
P26                24     1     0.0    -0.0     3.8    -0.0     0.1     0.0
P27                25     1    -0.6     0.5    31.7    -0.3    -0.2    -0.0
P28                26     1     0.9     0.0     7.4    -0.0     0.3     0.0
P29                27     1    -0.1    -0.4     2.0     0.1    -0.0    -0.0
P30                28     1     0.0    -0.2     3.3     0.0     0.0    -0.0



Cargas nas vigas de transição
====================================================================
 Viga   Pilar   Piso  Caso          Carga     Estimada no cálculo
                                     (tf)     dos pisos/vigas/grelha

 219      16      2     1           14.6        14.6

Pilares sem travamento nas direções X-Y
=======================================

Pilar           Piso      Piso     Livre   Livre
                Inicial   Final    em X    em Y
------------------------------------------------
P8                 5         5               *
P10                3         3               *
P14                3         3               *
P19                1         1               *
P26                1         1       *        



